1540397636529	mozrunner::runner	INFO	Running command: "/usr/bin/firefox" "-marionette" "-foreground" "-no-remote" "-profile" "/tmp/rust_mozprofile.mgPXIPVTDjEw"

(firefox:4347): Gtk-WARNING **: 19:13:57.040: Theme parsing error: <data>:1:34: Expected ')' in color definition

(firefox:4347): Gtk-WARNING **: 19:13:57.040: Theme parsing error: <data>:1:77: Expected ')' in color definition
1540397637881	Marionette	INFO	Listening on port 38761
1540397637945	Marionette	WARN	TLS certificate errors will be ignored for this session
1540397637987	Marionette	DEBUG	[2147483649] Frame script loaded
1540397637992	Marionette	DEBUG	[2147483649] Frame script registered
1540397638004	Marionette	DEBUG	[2147483649] Received DOM event beforeunload for about:blank
1540397638414	Marionette	DEBUG	[2147483649] Received DOM event pagehide for about:blank
1540397638578	Marionette	DEBUG	[2147483649] Received DOM event DOMContentLoaded for https://www.google.com/
1540397639473	Marionette	DEBUG	[2147483649] Received DOM event pageshow for https://www.google.com/
1540397973720	mozrunner::runner	INFO	Running command: "/usr/bin/firefox" "-marionette" "-foreground" "-no-remote" "-profile" "/tmp/rust_mozprofile.eTACdlhd164U"

(firefox:4686): Gtk-WARNING **: 19:19:34.247: Theme parsing error: <data>:1:34: Expected ')' in color definition

(firefox:4686): Gtk-WARNING **: 19:19:34.247: Theme parsing error: <data>:1:77: Expected ')' in color definition
1540397975075	Marionette	INFO	Listening on port 42897
1540397975136	Marionette	WARN	TLS certificate errors will be ignored for this session
1540397975179	Marionette	DEBUG	[2147483649] Frame script loaded
1540397975182	Marionette	DEBUG	[2147483649] Frame script registered
1540397975195	Marionette	DEBUG	[2147483649] Received DOM event beforeunload for about:blank
1540397976127	Marionette	DEBUG	[2147483649] Received DOM event pagehide for about:blank
1540397979918	Marionette	DEBUG	[2147483649] Received DOM event DOMContentLoaded for https://finance.yahoo.com/quote/BAB?p=BAB&.tsrc=fin-srch-v1
[Parent 4347, Gecko_IOThread] WARNING: pipe error (74): Соединение разорвано другой стороной: file /build/firefox-IVlCbR/firefox-62.0.3+build1/ipc/chromium/src/chrome/common/ipc_channel_posix.cc, line 353
1540397988174	Marionette	INFO	Stopped listening on port 38761
1540397988514	Marionette	DEBUG	[2147483649] Received observer notification outer-window-destroyed for 2147483768
1540397989533	Marionette	DEBUG	[2147483649] Received DOM event unload for https://finance.yahoo.com/quote/BAB?p=BAB&.tsrc=fin-srch-v1
1540397989591	Marionette	DEBUG	[2147483649] Received observer notification outer-window-destroyed for 2147483658
1540397989592	Marionette	DEBUG	[2147483649] Received observer notification outer-window-destroyed for 2147483653
1540397989592	Marionette	DEBUG	[2147483649] Received observer notification outer-window-destroyed for 2147483654
1540397989593	Marionette	DEBUG	[2147483649] Received observer notification outer-window-destroyed for 2147483655
1540397989593	Marionette	DEBUG	[2147483649] Received observer notification outer-window-destroyed for 2147483656
1540397989593	Marionette	DEBUG	[2147483649] Received observer notification outer-window-destroyed for 2147483727
1540397989593	Marionette	DEBUG	[2147483649] Received observer notification outer-window-destroyed for 2147483728
1540397989593	Marionette	DEBUG	[2147483649] Received observer notification outer-window-destroyed for 2147483678
1540397989594	Marionette	DEBUG	[2147483649] Received observer notification outer-window-destroyed for 2147483708
1540397989594	Marionette	DEBUG	[2147483649] Received observer notification outer-window-destroyed for 2147483676
1540397989595	Marionette	DEBUG	[2147483649] Received observer notification outer-window-destroyed for 2147483680
1540397989595	Marionette	DEBUG	[2147483649] Received observer notification outer-window-destroyed for 2147483681
1540397989595	Marionette	DEBUG	[2147483649] Received observer notification outer-window-destroyed for 2147483682
1540397989596	Marionette	DEBUG	[2147483649] Received observer notification outer-window-destroyed for 2147483683
1540397989596	Marionette	DEBUG	[2147483649] Received observer notification outer-window-destroyed for 2147483684
1540397989596	Marionette	DEBUG	[2147483649] Received observer notification outer-window-destroyed for 2147483685
1540397989596	Marionette	DEBUG	[2147483649] Received observer notification outer-window-destroyed for 2147483686
1540397989596	Marionette	DEBUG	[2147483649] Received observer notification outer-window-destroyed for 2147483687
1540397989596	Marionette	DEBUG	[2147483649] Received observer notification outer-window-destroyed for 2147483688
1540397989597	Marionette	DEBUG	[2147483649] Received observer notification outer-window-destroyed for 2147483689
1540397989597	Marionette	DEBUG	[2147483649] Received observer notification outer-window-destroyed for 2147483690
1540397989597	Marionette	DEBUG	[2147483649] Received observer notification outer-window-destroyed for 2147483691
1540397989597	Marionette	DEBUG	[2147483649] Received observer notification outer-window-destroyed for 2147483692
1540397989597	Marionette	DEBUG	[2147483649] Received observer notification outer-window-destroyed for 2147483693
1540397989597	Marionette	DEBUG	[2147483649] Received observer notification outer-window-destroyed for 2147483674
1540397989598	Marionette	DEBUG	[2147483649] Received observer notification outer-window-destroyed for 2147483672
1540397989598	Marionette	DEBUG	[2147483649] Received observer notification outer-window-destroyed for 2147483670
1540397989598	Marionette	DEBUG	[2147483649] Received observer notification outer-window-destroyed for 2147483711
1540397989598	Marionette	DEBUG	[2147483649] Received observer notification outer-window-destroyed for 2147483657
1540397989598	Marionette	DEBUG	[2147483649] Received observer notification outer-window-destroyed for 2147483764
1540397989598	Marionette	DEBUG	[2147483649] Received observer notification outer-window-destroyed for 2147483740
1540397989598	Marionette	DEBUG	[2147483649] Received observer notification outer-window-destroyed for 2147483737
1540397989599	Marionette	DEBUG	[2147483649] Received observer notification outer-window-destroyed for 2147483744
1540397989599	Marionette	DEBUG	[2147483649] Received observer notification outer-window-destroyed for 2147483745
1540397989599	Marionette	DEBUG	[2147483649] Received observer notification outer-window-destroyed for 2147483746
1540397989599	Marionette	DEBUG	[2147483649] Received observer notification outer-window-destroyed for 2147483747
1540397989599	Marionette	DEBUG	[2147483649] Received observer notification outer-window-destroyed for 2147483748
1540397989599	Marionette	DEBUG	[2147483649] Received observer notification outer-window-destroyed for 2147483749
1540397989599	Marionette	DEBUG	[2147483649] Received observer notification outer-window-destroyed for 2147483750
1540397989600	Marionette	DEBUG	[2147483649] Received observer notification outer-window-destroyed for 2147483751
1540397989600	Marionette	DEBUG	[2147483649] Received observer notification outer-window-destroyed for 2147483736
1540397989600	Marionette	DEBUG	[2147483649] Received observer notification outer-window-destroyed for 2147483734
1540397989600	Marionette	DEBUG	[2147483649] Received observer notification outer-window-destroyed for 2147483732
1540397989600	Marionette	DEBUG	[2147483649] Received observer notification outer-window-destroyed for 2147483741
1540397989600	Marionette	DEBUG	[2147483649] Received observer notification outer-window-destroyed for 2147483726
1540397989601	Marionette	DEBUG	[2147483649] Received observer notification outer-window-destroyed for 2147483649
1540397989726	Marionette	INFO	Stopped listening on port 42897
1540398080195	mozrunner::runner	INFO	Running command: "/usr/bin/firefox" "-marionette" "-foreground" "-no-remote" "-profile" "/tmp/rust_mozprofile.WIDB6mMOUC9j"

(firefox:4980): Gtk-WARNING **: 19:21:20.716: Theme parsing error: <data>:1:34: Expected ')' in color definition

(firefox:4980): Gtk-WARNING **: 19:21:20.716: Theme parsing error: <data>:1:77: Expected ')' in color definition
1540398081605	Marionette	INFO	Listening on port 39333
1540398081701	Marionette	WARN	TLS certificate errors will be ignored for this session
1540398081738	Marionette	DEBUG	[2147483649] Frame script loaded
1540398081739	Marionette	DEBUG	[2147483649] Frame script registered
1540398081750	Marionette	DEBUG	[2147483649] Received DOM event beforeunload for about:blank
1540398083304	Marionette	DEBUG	[2147483649] Received DOM event pagehide for about:blank
1540398084022	Marionette	DEBUG	[2147483649] Received DOM event DOMContentLoaded for https://www.yandex.ru/
1540398084270	Marionette	DEBUG	[2147483649] Received DOM event pageshow for https://www.yandex.ru/
IPDL protocol error: Handler returned error code!

###!!! [Parent][DispatchAsyncMessage] Error: PLayerTransaction::Msg_ReleaseLayer Processing error: message was deserialized, but the handler returned false (indicating failure)

[Parent 4980, Gecko_IOThread] WARNING: pipe error (78): Соединение разорвано другой стороной: file /build/firefox-IVlCbR/firefox-62.0.3+build1/ipc/chromium/src/chrome/common/ipc_channel_posix.cc, line 353
1540398088310	Marionette	INFO	Stopped listening on port 39333
1540398127656	mozrunner::runner	INFO	Running command: "/usr/bin/firefox" "-marionette" "-foreground" "-no-remote" "-profile" "/tmp/rust_mozprofile.pgIQ1V8W4GTb"

(firefox:5209): Gtk-WARNING **: 19:22:08.160: Theme parsing error: <data>:1:34: Expected ')' in color definition

(firefox:5209): Gtk-WARNING **: 19:22:08.160: Theme parsing error: <data>:1:77: Expected ')' in color definition
1540398128969	Marionette	INFO	Listening on port 46263
1540398129066	Marionette	WARN	TLS certificate errors will be ignored for this session
1540398129108	Marionette	DEBUG	[2147483649] Frame script loaded
1540398129109	Marionette	DEBUG	[2147483649] Frame script registered
1540398129120	Marionette	DEBUG	[2147483649] Received DOM event beforeunload for about:blank
1540398129890	Marionette	DEBUG	[2147483649] Received DOM event pagehide for about:blank
1540398131340	Marionette	DEBUG	[2147483649] Received DOM event DOMContentLoaded for https://finance.yahoo.com/quote/BAB?p=BAB&.tsrc=fin-srch-v1
1540398133649	Marionette	DEBUG	[2147483649] Received DOM event unload for https://finance.yahoo.com/quote/BAB?p=BAB&.tsrc=fin-srch-v1
1540398133668	Marionette	DEBUG	[2147483649] Received observer notification outer-window-destroyed for 2147483658
1540398133668	Marionette	DEBUG	[2147483649] Received observer notification outer-window-destroyed for 2147483653
1540398133668	Marionette	DEBUG	[2147483649] Received observer notification outer-window-destroyed for 2147483654
1540398133668	Marionette	DEBUG	[2147483649] Received observer notification outer-window-destroyed for 2147483655
1540398133669	Marionette	DEBUG	[2147483649] Received observer notification outer-window-destroyed for 2147483656
1540398133669	Marionette	DEBUG	[2147483649] Received observer notification outer-window-destroyed for 2147483671
1540398133669	Marionette	DEBUG	[2147483649] Received observer notification outer-window-destroyed for 2147483674
1540398133669	Marionette	DEBUG	[2147483649] Received observer notification outer-window-destroyed for 2147483668
1540398133669	Marionette	DEBUG	[2147483649] Received observer notification outer-window-destroyed for 2147483667
1540398133670	Marionette	DEBUG	[2147483649] Received observer notification outer-window-destroyed for 2147483665
1540398133670	Marionette	DEBUG	[2147483649] Received observer notification outer-window-destroyed for 2147483675
1540398133670	Marionette	DEBUG	[2147483649] Received observer notification outer-window-destroyed for 2147483657
1540398133670	Marionette	DEBUG	[2147483649] Received observer notification outer-window-destroyed for 2147483649

###!!! [Child][RunMessage] Error: Channel closing: too late to send/recv, messages will be lost


###!!! [Child][RunMessage] Error: Channel closing: too late to send/recv, messages will be lost


###!!! [Child][RunMessage] Error: Channel closing: too late to send/recv, messages will be lost


###!!! [Child][RunMessage] Error: Channel closing: too late to send/recv, messages will be lost

[Child 5309, Chrome_ChildThread] WARNING: pipe error (3): Соединение разорвано другой стороной: file /build/firefox-IVlCbR/firefox-62.0.3+build1/ipc/chromium/src/chrome/common/ipc_channel_posix.cc, line 353

###!!! [Child][RunMessage] Error: Channel closing: too late to send/recv, messages will be lost

1540398135874	Marionette	INFO	Stopped listening on port 46263
1540398976224	mozrunner::runner	INFO	Running command: "/usr/bin/firefox" "-marionette" "-foreground" "-no-remote" "-profile" "/tmp/rust_mozprofile.aZVloqi0e7ao"

(firefox:5585): Gtk-WARNING **: 19:36:16.772: Theme parsing error: <data>:1:34: Expected ')' in color definition

(firefox:5585): Gtk-WARNING **: 19:36:16.772: Theme parsing error: <data>:1:77: Expected ')' in color definition
1540398978531	Marionette	INFO	Listening on port 40757
1540398978633	Marionette	WARN	TLS certificate errors will be ignored for this session
1540398978677	Marionette	DEBUG	[2147483649] Frame script loaded
1540398978678	Marionette	DEBUG	[2147483649] Frame script registered
1540398978691	Marionette	DEBUG	[2147483649] Received DOM event beforeunload for about:blank
1540398978699	Marionette	DEBUG	[2147483649] Received DOM event beforeunload for about:blank
1540398978702	Marionette	DEBUG	[2147483649] Received DOM event pagehide for about:blank
1540398978729	Marionette	DEBUG	[2147483649] Received DOM event DOMContentLoaded for about:neterror?e=dnsNotFound&u=https%3A//finance.yahoo.com/quote/BAB%3Fp%3DBAB%26.tsrc%3Dfin-srch-v1&c=UTF-8&f=regular&d=%D0% ... BA%D0%BB%D1%8E%D1%87%D0%B8%D1%82%D1%8C%D1%81%D1%8F%20%D0%BA%20%D1%81%D0%B5%D1%80%D0%B2%D0%B5%D1%80%D1%83%20finance.yahoo.com.
[Parent 5585, Gecko_IOThread] WARNING: pipe error (70): Соединение разорвано другой стороной: file /build/firefox-IVlCbR/firefox-62.0.3+build1/ipc/chromium/src/chrome/common/ipc_channel_posix.cc, line 353
1540398982654	Marionette	INFO	Stopped listening on port 40757
1540399064010	mozrunner::runner	INFO	Running command: "/usr/bin/firefox" "-marionette" "-foreground" "-no-remote" "-profile" "/tmp/rust_mozprofile.pPSDAKFlM7Pb"

(firefox:5842): Gtk-WARNING **: 19:37:44.528: Theme parsing error: <data>:1:34: Expected ')' in color definition

(firefox:5842): Gtk-WARNING **: 19:37:44.528: Theme parsing error: <data>:1:77: Expected ')' in color definition
1540399065352	Marionette	INFO	Listening on port 45841
1540399065418	Marionette	WARN	TLS certificate errors will be ignored for this session
1540399065459	Marionette	DEBUG	[2147483649] Frame script loaded
1540399065460	Marionette	DEBUG	[2147483649] Frame script registered
1540399065483	Marionette	DEBUG	[2147483649] Received DOM event beforeunload for about:blank
1540399066420	Marionette	DEBUG	[2147483649] Received DOM event pagehide for about:blank
1540399067744	Marionette	DEBUG	[2147483649] Received DOM event DOMContentLoaded for https://finance.yahoo.com/quote/BAB?p=BAB&.tsrc=fin-srch-v1
1540399077204	Marionette	DEBUG	[2147483649] Received observer notification outer-window-destroyed for 2147483691
1540399152586	Marionette	DEBUG	[2147483649] Received DOM event unload for https://finance.yahoo.com/quote/BAB?p=BAB&.tsrc=fin-srch-v1
1540399152629	Marionette	DEBUG	[2147483649] Received observer notification outer-window-destroyed for 2147483658
1540399152630	Marionette	DEBUG	[2147483649] Received observer notification outer-window-destroyed for 2147483653
1540399152631	Marionette	DEBUG	[2147483649] Received observer notification outer-window-destroyed for 2147483654
1540399152631	Marionette	DEBUG	[2147483649] Received observer notification outer-window-destroyed for 2147483655
1540399152631	Marionette	DEBUG	[2147483649] Received observer notification outer-window-destroyed for 2147483656
1540399152632	Marionette	DEBUG	[2147483649] Received observer notification outer-window-destroyed for 2147483679
1540399152632	Marionette	DEBUG	[2147483649] Received observer notification outer-window-destroyed for 2147483680
1540399152632	Marionette	DEBUG	[2147483649] Received observer notification outer-window-destroyed for 2147483671
1540399152632	Marionette	DEBUG	[2147483649] Received observer notification outer-window-destroyed for 2147483673
1540399152633	Marionette	DEBUG	[2147483649] Received observer notification outer-window-destroyed for 2147483669
1540399152634	Marionette	DEBUG	[2147483649] Received observer notification outer-window-destroyed for 2147483667
1540399152634	Marionette	DEBUG	[2147483649] Received observer notification outer-window-destroyed for 2147483665
1540399152634	Marionette	DEBUG	[2147483649] Received observer notification outer-window-destroyed for 2147483674
1540399152635	Marionette	DEBUG	[2147483649] Received observer notification outer-window-destroyed for 2147483657
1540399152635	Marionette	DEBUG	[2147483649] Received observer notification outer-window-destroyed for 2147483684
1540399152635	Marionette	DEBUG	[2147483649] Received observer notification outer-window-destroyed for 2147483686
1540399152635	Marionette	DEBUG	[2147483649] Received observer notification outer-window-destroyed for 2147483688
1540399152635	Marionette	DEBUG	[2147483649] Received observer notification outer-window-destroyed for 2147483678
1540399152636	Marionette	DEBUG	[2147483649] Received observer notification outer-window-destroyed for 2147483649
[Parent 5842, Gecko_IOThread] WARNING: pipe error (79): Соединение разорвано другой стороной: file /build/firefox-IVlCbR/firefox-62.0.3+build1/ipc/chromium/src/chrome/common/ipc_channel_posix.cc, line 353
1540399152749	Marionette	INFO	Stopped listening on port 45841
1540841517351	mozrunner::runner	INFO	Running command: "/usr/bin/firefox" "-marionette" "-foreground" "-no-remote" "-profile" "/tmp/rust_mozprofile.9Lqcfp8wjtUR"

(firefox:2527): Gtk-WARNING **: 22:31:57.857: Theme parsing error: <data>:1:34: Expected ')' in color definition

(firefox:2527): Gtk-WARNING **: 22:31:57.857: Theme parsing error: <data>:1:77: Expected ')' in color definition
1540841518670	Marionette	INFO	Listening on port 37153
1540841518762	Marionette	WARN	TLS certificate errors will be ignored for this session
1540841518798	Marionette	DEBUG	[2147483649] Frame script loaded
1540841518799	Marionette	DEBUG	[2147483649] Frame script registered
1540841518811	Marionette	DEBUG	[2147483649] Received DOM event beforeunload for about:blank
1540841519020	Marionette	DEBUG	[2147483649] Received DOM event pagehide for about:blank
1540841519089	Marionette	DEBUG	[2147483649] Received DOM event DOMContentLoaded for https://www.google.com/
1540841519603	Marionette	DEBUG	[2147483649] Received DOM event pageshow for https://www.google.com/
[Parent 2527, Gecko_IOThread] WARNING: pipe error (70): Соединение разорвано другой стороной: file /build/firefox-IVlCbR/firefox-62.0.3+build1/ipc/chromium/src/chrome/common/ipc_channel_posix.cc, line 353
1540841525872	Marionette	INFO	Stopped listening on port 37153
1540841531773	mozrunner::runner	INFO	Running command: "/usr/bin/firefox" "-marionette" "-foreground" "-no-remote" "-profile" "/tmp/rust_mozprofile.PEZBrnkpKecS"

(firefox:2751): Gtk-WARNING **: 22:32:12.260: Theme parsing error: <data>:1:34: Expected ')' in color definition

(firefox:2751): Gtk-WARNING **: 22:32:12.260: Theme parsing error: <data>:1:77: Expected ')' in color definition
1540841533036	Marionette	INFO	Listening on port 34305
1540841533079	Marionette	WARN	TLS certificate errors will be ignored for this session
1540841533119	Marionette	DEBUG	[2147483649] Frame script loaded
1540841533121	Marionette	DEBUG	[2147483649] Frame script registered
1540841533145	Marionette	DEBUG	[2147483649] Received DOM event beforeunload for about:blank
1540841534345	Marionette	DEBUG	[2147483649] Received DOM event pagehide for about:blank
1540841534426	Marionette	DEBUG	[2147483649] Received DOM event DOMContentLoaded for https://www.google.com/
1540841534897	Marionette	DEBUG	[2147483649] Received DOM event pageshow for https://www.google.com/
[Parent 2751, Gecko_IOThread] WARNING: pipe error (78): Соединение разорвано другой стороной: file /build/firefox-IVlCbR/firefox-62.0.3+build1/ipc/chromium/src/chrome/common/ipc_channel_posix.cc, line 353
1540841569327	Marionette	INFO	Stopped listening on port 34305
1540841573170	mozrunner::runner	INFO	Running command: "/usr/bin/firefox" "-marionette" "-foreground" "-no-remote" "-profile" "/tmp/rust_mozprofile.xLacphFpwlMG"

(firefox:2976): Gtk-WARNING **: 22:32:53.676: Theme parsing error: <data>:1:34: Expected ')' in color definition

(firefox:2976): Gtk-WARNING **: 22:32:53.676: Theme parsing error: <data>:1:77: Expected ')' in color definition
1540841574544	Marionette	INFO	Listening on port 38513
1540841574582	Marionette	WARN	TLS certificate errors will be ignored for this session
1540841574620	Marionette	DEBUG	[2147483649] Frame script loaded
1540841574622	Marionette	DEBUG	[2147483649] Frame script registered
1540841574648	Marionette	DEBUG	[2147483649] Received DOM event beforeunload for about:blank
1540841574839	Marionette	DEBUG	[2147483649] Received DOM event pagehide for about:blank
1540841574934	Marionette	DEBUG	[2147483649] Received DOM event DOMContentLoaded for https://www.google.com/
1540841575434	Marionette	DEBUG	[2147483649] Received DOM event pageshow for https://www.google.com/
[Parent 2976, Gecko_IOThread] WARNING: pipe error (79): Соединение разорвано другой стороной: file /build/firefox-IVlCbR/firefox-62.0.3+build1/ipc/chromium/src/chrome/common/ipc_channel_posix.cc, line 353
1540841578000	Marionette	INFO	Stopped listening on port 38513
1540841599001	mozrunner::runner	INFO	Running command: "/usr/bin/firefox" "-marionette" "-foreground" "-no-remote" "-profile" "/tmp/rust_mozprofile.ONww0B1Oql3M"

(firefox:3203): Gtk-WARNING **: 22:33:19.505: Theme parsing error: <data>:1:34: Expected ')' in color definition

(firefox:3203): Gtk-WARNING **: 22:33:19.505: Theme parsing error: <data>:1:77: Expected ')' in color definition
1540841600270	Marionette	INFO	Listening on port 45547
1540841600316	Marionette	WARN	TLS certificate errors will be ignored for this session
1540841600353	Marionette	DEBUG	[2147483649] Frame script loaded
1540841600357	Marionette	DEBUG	[2147483649] Frame script registered
1540841600374	Marionette	DEBUG	[2147483649] Received DOM event beforeunload for about:blank
1540841600591	Marionette	DEBUG	[2147483649] Received DOM event pagehide for about:blank
1540841600665	Marionette	DEBUG	[2147483649] Received DOM event DOMContentLoaded for https://www.google.com/
1540841601140	Marionette	DEBUG	[2147483649] Received DOM event pageshow for https://www.google.com/
[Parent 3203, Gecko_IOThread] WARNING: pipe error (74): Соединение разорвано другой стороной: file /build/firefox-IVlCbR/firefox-62.0.3+build1/ipc/chromium/src/chrome/common/ipc_channel_posix.cc, line 353
1540841604154	Marionette	INFO	Stopped listening on port 45547
1540841609793	mozrunner::runner	INFO	Running command: "/usr/bin/firefox" "-marionette" "-foreground" "-no-remote" "-profile" "/tmp/rust_mozprofile.ecxXPyqe2M0e"

(firefox:3426): Gtk-WARNING **: 22:33:30.317: Theme parsing error: <data>:1:34: Expected ')' in color definition

(firefox:3426): Gtk-WARNING **: 22:33:30.317: Theme parsing error: <data>:1:77: Expected ')' in color definition
1540841611151	Marionette	INFO	Listening on port 35997
1540841611203	Marionette	WARN	TLS certificate errors will be ignored for this session
1540841611250	Marionette	DEBUG	[2147483649] Frame script loaded
1540841611252	Marionette	DEBUG	[2147483649] Frame script registered
1540841611272	Marionette	DEBUG	[2147483649] Received DOM event beforeunload for about:blank
1540841612310	Marionette	DEBUG	[2147483649] Received DOM event pagehide for about:blank
1540841613381	Marionette	DEBUG	[2147483649] Received DOM event DOMContentLoaded for https://finance.yahoo.com/quote/BAB?p=BAB&.tsrc=fin-srch-v1
JavaScript error: https://s.yimg.com/uc/finance/dd-site/js/vendor.1a6f5779ec97a7fb6023.min.js, line 44: HttpError: Attempting to prefetch a non-content url
1540841616608	Marionette	DEBUG	[2147483649] Received observer notification outer-window-destroyed for 2147483665
1540841629493	Marionette	DEBUG	[2147483649] Received DOM event unload for https://finance.yahoo.com/quote/BAB?p=BAB&.tsrc=fin-srch-v1
1540841629519	Marionette	DEBUG	[2147483649] Received observer notification outer-window-destroyed for 2147483658
1540841629520	Marionette	DEBUG	[2147483649] Received observer notification outer-window-destroyed for 2147483653
1540841629520	Marionette	DEBUG	[2147483649] Received observer notification outer-window-destroyed for 2147483654
1540841629520	Marionette	DEBUG	[2147483649] Received observer notification outer-window-destroyed for 2147483655
1540841629521	Marionette	DEBUG	[2147483649] Received observer notification outer-window-destroyed for 2147483656
1540841629521	Marionette	DEBUG	[2147483649] Received observer notification outer-window-destroyed for 2147483667
1540841629521	Marionette	DEBUG	[2147483649] Received observer notification outer-window-destroyed for 2147483657
1540841629521	Marionette	DEBUG	[2147483649] Received observer notification outer-window-destroyed for 2147483649
[Parent 3426, Gecko_IOThread] WARNING: pipe error (74): Соединение разорвано другой стороной: file /build/firefox-IVlCbR/firefox-62.0.3+build1/ipc/chromium/src/chrome/common/ipc_channel_posix.cc, line 353
1540841629657	Marionette	INFO	Stopped listening on port 35997
1540841634064	mozrunner::runner	INFO	Running command: "/usr/bin/firefox" "-marionette" "-foreground" "-no-remote" "-profile" "/tmp/rust_mozprofile.26Q318TdrTSY"

(firefox:3663): Gtk-WARNING **: 22:33:54.568: Theme parsing error: <data>:1:34: Expected ')' in color definition

(firefox:3663): Gtk-WARNING **: 22:33:54.568: Theme parsing error: <data>:1:77: Expected ')' in color definition
1540841635328	Marionette	INFO	Listening on port 45441
1540841635373	Marionette	WARN	TLS certificate errors will be ignored for this session
1540841635415	Marionette	DEBUG	[2147483649] Frame script loaded
1540841635420	Marionette	DEBUG	[2147483649] Frame script registered
1540841635432	Marionette	DEBUG	[2147483649] Received DOM event beforeunload for about:blank
1540841635811	Marionette	DEBUG	[2147483649] Received DOM event pagehide for about:blank
1540841636358	Marionette	DEBUG	[2147483649] Received DOM event DOMContentLoaded for https://www.yandex.ru/
1540841636550	Marionette	DEBUG	[2147483649] Received DOM event pageshow for https://www.yandex.ru/
[Parent 3663, Gecko_IOThread] WARNING: pipe error (74): Соединение разорвано другой стороной: file /build/firefox-IVlCbR/firefox-62.0.3+build1/ipc/chromium/src/chrome/common/ipc_channel_posix.cc, line 353
1540841790987	Marionette	INFO	Stopped listening on port 45441
1540841793097	mozrunner::runner	INFO	Running command: "/usr/bin/firefox" "-marionette" "-foreground" "-no-remote" "-profile" "/tmp/rust_mozprofile.OZ37NympSCTF"

(firefox:3929): Gtk-WARNING **: 22:36:33.592: Theme parsing error: <data>:1:34: Expected ')' in color definition

(firefox:3929): Gtk-WARNING **: 22:36:33.592: Theme parsing error: <data>:1:77: Expected ')' in color definition
1540841794363	Marionette	INFO	Listening on port 44251
1540841794403	Marionette	WARN	TLS certificate errors will be ignored for this session
1540841794441	Marionette	DEBUG	[2147483649] Frame script loaded
1540841794446	Marionette	DEBUG	[2147483649] Frame script registered
1540841794460	Marionette	DEBUG	[2147483649] Received DOM event beforeunload for about:blank
1540841794863	Marionette	DEBUG	[2147483649] Received DOM event pagehide for about:blank
1540841795589	Marionette	DEBUG	[2147483649] Received DOM event DOMContentLoaded for https://www.yandex.ru/
1540841796776	Marionette	DEBUG	[2147483649] Received DOM event pageshow for https://www.yandex.ru/
[Parent 3929, Gecko_IOThread] WARNING: pipe error (74): Соединение разорвано другой стороной: file /build/firefox-IVlCbR/firefox-62.0.3+build1/ipc/chromium/src/chrome/common/ipc_channel_posix.cc, line 353
1540841799614	Marionette	INFO	Stopped listening on port 44251
1541100425316	mozrunner::runner	INFO	Running command: "/usr/bin/firefox" "-marionette" "-foreground" "-no-remote" "-profile" "/tmp/rust_mozprofile.sadKzxOqEshR"

(firefox:2290): Gtk-WARNING **: 22:27:05.889: Theme parsing error: <data>:1:34: Expected ')' in color definition

(firefox:2290): Gtk-WARNING **: 22:27:05.889: Theme parsing error: <data>:1:77: Expected ')' in color definition
1541100426750	Marionette	INFO	Listening on port 46359
1541100426825	Marionette	WARN	TLS certificate errors will be ignored for this session
1541100426863	Marionette	DEBUG	[2147483649] Frame script loaded
1541100426866	Marionette	DEBUG	[2147483649] Frame script registered
1541100426876	Marionette	DEBUG	[2147483649] Received DOM event beforeunload for about:blank
1541100427086	Marionette	DEBUG	[2147483649] Received DOM event pagehide for about:blank
1541100427163	Marionette	DEBUG	[2147483649] Received DOM event DOMContentLoaded for https://www.google.com/
1541100427533	Marionette	DEBUG	[2147483649] Received observer notification outer-window-destroyed for 2147483653
1541100427740	Marionette	DEBUG	[2147483649] Received DOM event pageshow for https://www.google.com/
1541102662714	mozrunner::runner	INFO	Running command: "/usr/bin/firefox" "-marionette" "-foreground" "-no-remote" "-profile" "/tmp/rust_mozprofile.MHfcYXY2UTO9"

(firefox:3108): Gtk-WARNING **: 23:04:23.195: Theme parsing error: <data>:1:34: Expected ')' in color definition

(firefox:3108): Gtk-WARNING **: 23:04:23.195: Theme parsing error: <data>:1:77: Expected ')' in color definition
1541102664021	Marionette	INFO	Listening on port 33341
1541102664124	Marionette	WARN	TLS certificate errors will be ignored for this session
1541102664168	Marionette	DEBUG	[2147483649] Frame script loaded
1541102664169	Marionette	DEBUG	[2147483649] Frame script registered
1541102664179	Marionette	DEBUG	[2147483649] Received DOM event beforeunload for about:blank
1541102665358	Marionette	DEBUG	[2147483649] Received DOM event pagehide for about:blank
1541102665733	Marionette	DEBUG	[2147483649] Received DOM event DOMContentLoaded for https://yandex.ru/map-constructor/location-tool/
1541102666921	Marionette	DEBUG	[2147483649] Received DOM event pageshow for https://yandex.ru/map-constructor/location-tool/
[Parent 3108, Gecko_IOThread] WARNING: pipe error (70): Соединение разорвано другой стороной: file /build/firefox-IVlCbR/firefox-62.0.3+build1/ipc/chromium/src/chrome/common/ipc_channel_posix.cc, line 353
1541102680163	Marionette	INFO	Stopped listening on port 33341
1541102712823	mozrunner::runner	INFO	Running command: "/usr/bin/firefox" "-marionette" "-foreground" "-no-remote" "-profile" "/tmp/rust_mozprofile.qnFBX4GgqsNN"

(firefox:3359): Gtk-WARNING **: 23:05:13.310: Theme parsing error: <data>:1:34: Expected ')' in color definition

(firefox:3359): Gtk-WARNING **: 23:05:13.310: Theme parsing error: <data>:1:77: Expected ')' in color definition
1541102714106	Marionette	INFO	Listening on port 33407
1541102714135	Marionette	WARN	TLS certificate errors will be ignored for this session
1541102714176	Marionette	DEBUG	[2147483649] Frame script loaded
1541102714178	Marionette	DEBUG	[2147483649] Frame script registered
1541102714203	Marionette	DEBUG	[2147483649] Received DOM event beforeunload for about:blank
1541102714363	Marionette	DEBUG	[2147483649] Received DOM event pagehide for about:blank
1541102715101	Marionette	DEBUG	[2147483649] Received DOM event DOMContentLoaded for https://yandex.ru/map-constructor/location-tool/
1541102716508	Marionette	DEBUG	[2147483649] Received DOM event pageshow for https://yandex.ru/map-constructor/location-tool/
console.error: "TypeError: this.onSelected is not a function: onDetachedFront@resource://devtools/shared/base-loader.js -> resource://devtools/client/inspector/computed/computed.js:1461:5\nemit@resource://devtools/shared/base-loader.js -> resource://devtools/shared/event-emitter.js:178:37\nemit@resource://devtools/shared/base-loader.js -> resource://devtools/shared/event-emitter.js:255:29\n_onMutations@resource://devtools/shared/base-loader.js -> resource://devtools/client/framework/selection.js:105:7\nemit@resource://devtools/shared/base-loader.js -> resource://devtools/shared/event-emitter.js:178:37\nemit@resource://devtools/shared/base-loader.js -> resource://devtools/shared/event-emitter.js:255:29\nWalkerFront<.getMutations</<@resource://devtools/shared/base-loader.js -> resource://devtools/shared/fronts/inspector.js:420:7\n"
TypeError: this.onSelected is not a function: onDetachedFront@resource://devtools/shared/base-loader.js -> resource://devtools/client/inspector/computed/computed.js:1461:5
emit@resource://devtools/shared/base-loader.js -> resource://devtools/shared/event-emitter.js:178:37
emit@resource://devtools/shared/base-loader.js -> resource://devtools/shared/event-emitter.js:255:29
_onMutations@resource://devtools/shared/base-loader.js -> resource://devtools/client/framework/selection.js:105:7
emit@resource://devtools/shared/base-loader.js -> resource://devtools/shared/event-emitter.js:178:37
emit@resource://devtools/shared/base-loader.js -> resource://devtools/shared/event-emitter.js:255:29
WalkerFront<.getMutations</<@resource://devtools/shared/base-loader.js -> resource://devtools/shared/fronts/inspector.js:420:7

[Parent 2290, Gecko_IOThread] WARNING: pipe error (74): Соединение разорвано другой стороной: file /build/firefox-IVlCbR/firefox-62.0.3+build1/ipc/chromium/src/chrome/common/ipc_channel_posix.cc, line 353
1541102768190	Marionette	INFO	Stopped listening on port 46359
console.error: "TypeError: this.onSelected is not a function: onDetachedFront@resource://devtools/shared/base-loader.js -> resource://devtools/client/inspector/computed/computed.js:1461:5\nemit@resource://devtools/shared/base-loader.js -> resource://devtools/shared/event-emitter.js:178:37\nemit@resource://devtools/shared/base-loader.js -> resource://devtools/shared/event-emitter.js:255:29\n_onMutations@resource://devtools/shared/base-loader.js -> resource://devtools/client/framework/selection.js:105:7\nemit@resource://devtools/shared/base-loader.js -> resource://devtools/shared/event-emitter.js:178:37\nemit@resource://devtools/shared/base-loader.js -> resource://devtools/shared/event-emitter.js:255:29\nWalkerFront<.getMutations</<@resource://devtools/shared/base-loader.js -> resource://devtools/shared/fronts/inspector.js:420:7\n"
TypeError: this.onSelected is not a function: onDetachedFront@resource://devtools/shared/base-loader.js -> resource://devtools/client/inspector/computed/computed.js:1461:5
emit@resource://devtools/shared/base-loader.js -> resource://devtools/shared/event-emitter.js:178:37
emit@resource://devtools/shared/base-loader.js -> resource://devtools/shared/event-emitter.js:255:29
_onMutations@resource://devtools/shared/base-loader.js -> resource://devtools/client/framework/selection.js:105:7
emit@resource://devtools/shared/base-loader.js -> resource://devtools/shared/event-emitter.js:178:37
emit@resource://devtools/shared/base-loader.js -> resource://devtools/shared/event-emitter.js:255:29
WalkerFront<.getMutations</<@resource://devtools/shared/base-loader.js -> resource://devtools/shared/fronts/inspector.js:420:7

console.error: "TypeError: parent is null: canMutationImpactCurrentStyles@resource://devtools/shared/base-loader.js -> resource://devtools/client/inspector/shared/style-change-tracker.js:65:13\nonMutations@resource://devtools/shared/base-loader.js -> resource://devtools/client/inspector/shared/style-change-tracker.js:82:11\nemit@resource://devtools/shared/base-loader.js -> resource://devtools/shared/event-emitter.js:178:37\nemit@resource://devtools/shared/base-loader.js -> resource://devtools/shared/event-emitter.js:255:29\nWalkerFront<.getMutations</<@resource://devtools/shared/base-loader.js -> resource://devtools/shared/fronts/inspector.js:420:7\n"
TypeError: parent is null: canMutationImpactCurrentStyles@resource://devtools/shared/base-loader.js -> resource://devtools/client/inspector/shared/style-change-tracker.js:65:13
onMutations@resource://devtools/shared/base-loader.js -> resource://devtools/client/inspector/shared/style-change-tracker.js:82:11
emit@resource://devtools/shared/base-loader.js -> resource://devtools/shared/event-emitter.js:178:37
emit@resource://devtools/shared/base-loader.js -> resource://devtools/shared/event-emitter.js:255:29
WalkerFront<.getMutations</<@resource://devtools/shared/base-loader.js -> resource://devtools/shared/fronts/inspector.js:420:7

Handler function LocalDebuggerTransport instance's this.other.hooks.onPacket threw an exception: TypeError: to is null
Stack: onPacket@resource://devtools/shared/base-loader.js -> resource://devtools/server/main.js:1757:11
send/<@resource://devtools/shared/base-loader.js -> resource://devtools/shared/transport/transport.js:553:13
exports.makeInfallible/<@resource://devtools/shared/base-loader.js -> resource://devtools/shared/ThreadSafeDevToolsUtils.js:109:14
exports.makeInfallible/<@resource://devtools/shared/base-loader.js -> resource://devtools/shared/ThreadSafeDevToolsUtils.js:109:14
Line: 1757, column: 11
console.error: "Handler function LocalDebuggerTransport instance's this.other.hooks.onPacket threw an exception: TypeError: to is null\nStack: onPacket@resource://devtools/shared/base-loader.js -> resource://devtools/server/main.js:1757:11\nsend/<@resource://devtools/shared/base-loader.js -> resource://devtools/shared/transport/transport.js:553:13\nexports.makeInfallible/<@resource://devtools/shared/base-loader.js -> resource://devtools/shared/ThreadSafeDevToolsUtils.js:109:14\nexports.makeInfallible/<@resource://devtools/shared/base-loader.js -> resource://devtools/shared/ThreadSafeDevToolsUtils.js:109:14\nLine: 1757, column: 11"
console.error: "TypeError: this.onSelected is not a function: onDetachedFront@resource://devtools/shared/base-loader.js -> resource://devtools/client/inspector/computed/computed.js:1461:5\nemit@resource://devtools/shared/base-loader.js -> resource://devtools/shared/event-emitter.js:178:37\nemit@resource://devtools/shared/base-loader.js -> resource://devtools/shared/event-emitter.js:255:29\n_onMutations@resource://devtools/shared/base-loader.js -> resource://devtools/client/framework/selection.js:105:7\nemit@resource://devtools/shared/base-loader.js -> resource://devtools/shared/event-emitter.js:178:37\nemit@resource://devtools/shared/base-loader.js -> resource://devtools/shared/event-emitter.js:255:29\nWalkerFront<.getMutations</<@resource://devtools/shared/base-loader.js -> resource://devtools/shared/fronts/inspector.js:420:7\n"
TypeError: this.onSelected is not a function: onDetachedFront@resource://devtools/shared/base-loader.js -> resource://devtools/client/inspector/computed/computed.js:1461:5
emit@resource://devtools/shared/base-loader.js -> resource://devtools/shared/event-emitter.js:178:37
emit@resource://devtools/shared/base-loader.js -> resource://devtools/shared/event-emitter.js:255:29
_onMutations@resource://devtools/shared/base-loader.js -> resource://devtools/client/framework/selection.js:105:7
emit@resource://devtools/shared/base-loader.js -> resource://devtools/shared/event-emitter.js:178:37
emit@resource://devtools/shared/base-loader.js -> resource://devtools/shared/event-emitter.js:255:29
WalkerFront<.getMutations</<@resource://devtools/shared/base-loader.js -> resource://devtools/shared/fronts/inspector.js:420:7

console.error: "_refreshProcess of computed view cancelled"
JavaScript error: resource://devtools/shared/base-loader.js -> resource://devtools/server/actors/highlighters/auto-refresh.js, line 202: TypeError: this.win is null
JavaScript error: resource://devtools/shared/base-loader.js -> resource://devtools/server/actors/highlighters/auto-refresh.js, line 202: TypeError: this.win is null
JavaScript error: resource://devtools/shared/base-loader.js -> resource://devtools/server/actors/highlighters/auto-refresh.js, line 202: TypeError: this.win is null
JavaScript error: resource://devtools/shared/base-loader.js -> resource://devtools/server/actors/highlighters/auto-refresh.js, line 202: TypeError: this.win is null
JavaScript error: resource://devtools/shared/base-loader.js -> resource://devtools/server/actors/highlighters/auto-refresh.js, line 202: TypeError: this.win is null
JavaScript error: resource://devtools/shared/base-loader.js -> resource://devtools/server/actors/highlighters/auto-refresh.js, line 202: TypeError: this.win is null
JavaScript error: resource://devtools/shared/base-loader.js -> resource://devtools/server/actors/highlighters/auto-refresh.js, line 202: TypeError: this.win is null
JavaScript error: resource://devtools/shared/base-loader.js -> resource://devtools/server/actors/highlighters/auto-refresh.js, line 202: TypeError: this.win is null
JavaScript error: resource://devtools/shared/base-loader.js -> resource://devtools/server/actors/highlighters/auto-refresh.js, line 202: TypeError: this.win is null
JavaScript error: resource://devtools/shared/base-loader.js -> resource://devtools/server/actors/highlighters/auto-refresh.js, line 202: TypeError: this.win is null
JavaScript error: resource://devtools/shared/base-loader.js -> resource://devtools/server/actors/highlighters/auto-refresh.js, line 202: TypeError: this.win is null
JavaScript error: resource://devtools/shared/base-loader.js -> resource://devtools/server/actors/highlighters/auto-refresh.js, line 202: TypeError: this.win is null
JavaScript error: resource://devtools/shared/base-loader.js -> resource://devtools/server/actors/highlighters/auto-refresh.js, line 202: TypeError: this.win is null
JavaScript error: resource://devtools/shared/base-loader.js -> resource://devtools/server/actors/highlighters/auto-refresh.js, line 202: TypeError: this.win is null
JavaScript error: resource://devtools/shared/base-loader.js -> resource://devtools/server/actors/highlighters/auto-refresh.js, line 202: TypeError: this.win is null
JavaScript error: resource://devtools/shared/base-loader.js -> resource://devtools/server/actors/highlighters/auto-refresh.js, line 202: TypeError: this.win is null
JavaScript error: resource://devtools/shared/base-loader.js -> resource://devtools/server/actors/highlighters/auto-refresh.js, line 202: TypeError: this.win is null
JavaScript error: resource://devtools/shared/base-loader.js -> resource://devtools/server/actors/highlighters/auto-refresh.js, line 202: TypeError: this.win is null
JavaScript error: resource://devtools/shared/base-loader.js -> resource://devtools/server/actors/highlighters/auto-refresh.js, line 202: TypeError: this.win is null
JavaScript error: resource://devtools/shared/base-loader.js -> resource://devtools/server/actors/highlighters/auto-refresh.js, line 202: TypeError: this.win is null
JavaScript error: resource://devtools/shared/base-loader.js -> resource://devtools/server/actors/highlighters/auto-refresh.js, line 202: TypeError: this.win is null
JavaScript error: resource://devtools/shared/base-loader.js -> resource://devtools/server/actors/highlighters/auto-refresh.js, line 202: TypeError: this.win is null
JavaScript error: resource://devtools/shared/base-loader.js -> resource://devtools/server/actors/highlighters/auto-refresh.js, line 202: TypeError: this.win is null
JavaScript error: resource://devtools/shared/base-loader.js -> resource://devtools/server/actors/highlighters/auto-refresh.js, line 202: TypeError: this.win is null
JavaScript error: resource://devtools/shared/base-loader.js -> resource://devtools/server/actors/highlighters/auto-refresh.js, line 202: TypeError: this.win is null
JavaScript error: resource://devtools/shared/base-loader.js -> resource://devtools/server/actors/highlighters/auto-refresh.js, line 202: TypeError: this.win is null
JavaScript error: resource://devtools/shared/base-loader.js -> resource://devtools/server/actors/highlighters/auto-refresh.js, line 202: TypeError: this.win is null
JavaScript error: resource://devtools/shared/base-loader.js -> resource://devtools/server/actors/highlighters/auto-refresh.js, line 202: TypeError: this.win is null
JavaScript error: resource://devtools/shared/base-loader.js -> resource://devtools/server/actors/highlighters/auto-refresh.js, line 202: TypeError: this.win is null
JavaScript error: resource://devtools/shared/base-loader.js -> resource://devtools/server/actors/highlighters/auto-refresh.js, line 202: TypeError: this.win is null
JavaScript error: resource://devtools/shared/base-loader.js -> resource://devtools/server/actors/highlighters/auto-refresh.js, line 202: TypeError: this.win is null
JavaScript error: resource://devtools/shared/base-loader.js -> resource://devtools/server/actors/highlighters/auto-refresh.js, line 202: TypeError: this.win is null
JavaScript error: resource://devtools/shared/base-loader.js -> resource://devtools/server/actors/highlighters/auto-refresh.js, line 202: TypeError: this.win is null
JavaScript error: resource://devtools/shared/base-loader.js -> resource://devtools/server/actors/highlighters/auto-refresh.js, line 202: TypeError: this.win is null
JavaScript error: resource://devtools/shared/base-loader.js -> resource://devtools/server/actors/highlighters/auto-refresh.js, line 202: TypeError: this.win is null
JavaScript error: resource://devtools/shared/base-loader.js -> resource://devtools/server/actors/highlighters/auto-refresh.js, line 202: TypeError: this.win is null
JavaScript error: resource://devtools/shared/base-loader.js -> resource://devtools/server/actors/highlighters/auto-refresh.js, line 202: TypeError: this.win is null
JavaScript error: resource://devtools/shared/base-loader.js -> resource://devtools/server/actors/highlighters/auto-refresh.js, line 202: TypeError: this.win is null
JavaScript error: resource://devtools/shared/base-loader.js -> resource://devtools/server/actors/highlighters/auto-refresh.js, line 202: TypeError: this.win is null
console.error: "TypeError: this.onSelected is not a function: onDetachedFront@resource://devtools/shared/base-loader.js -> resource://devtools/client/inspector/computed/computed.js:1461:5\nemit@resource://devtools/shared/base-loader.js -> resource://devtools/shared/event-emitter.js:178:37\nemit@resource://devtools/shared/base-loader.js -> resource://devtools/shared/event-emitter.js:255:29\n_onMutations@resource://devtools/shared/base-loader.js -> resource://devtools/client/framework/selection.js:105:7\nemit@resource://devtools/shared/base-loader.js -> resource://devtools/shared/event-emitter.js:178:37\nemit@resource://devtools/shared/base-loader.js -> resource://devtools/shared/event-emitter.js:255:29\nWalkerFront<.getMutations</<@resource://devtools/shared/base-loader.js -> resource://devtools/shared/fronts/inspector.js:420:7\n"
TypeError: this.onSelected is not a function: onDetachedFront@resource://devtools/shared/base-loader.js -> resource://devtools/client/inspector/computed/computed.js:1461:5
emit@resource://devtools/shared/base-loader.js -> resource://devtools/shared/event-emitter.js:178:37
emit@resource://devtools/shared/base-loader.js -> resource://devtools/shared/event-emitter.js:255:29
_onMutations@resource://devtools/shared/base-loader.js -> resource://devtools/client/framework/selection.js:105:7
emit@resource://devtools/shared/base-loader.js -> resource://devtools/shared/event-emitter.js:178:37
emit@resource://devtools/shared/base-loader.js -> resource://devtools/shared/event-emitter.js:255:29
WalkerFront<.getMutations</<@resource://devtools/shared/base-loader.js -> resource://devtools/shared/fronts/inspector.js:420:7

console.error: "TypeError: parent is null: canMutationImpactCurrentStyles@resource://devtools/shared/base-loader.js -> resource://devtools/client/inspector/shared/style-change-tracker.js:65:13\nonMutations@resource://devtools/shared/base-loader.js -> resource://devtools/client/inspector/shared/style-change-tracker.js:82:11\nemit@resource://devtools/shared/base-loader.js -> resource://devtools/shared/event-emitter.js:178:37\nemit@resource://devtools/shared/base-loader.js -> resource://devtools/shared/event-emitter.js:255:29\nWalkerFront<.getMutations</<@resource://devtools/shared/base-loader.js -> resource://devtools/shared/fronts/inspector.js:420:7\n"
TypeError: parent is null: canMutationImpactCurrentStyles@resource://devtools/shared/base-loader.js -> resource://devtools/client/inspector/shared/style-change-tracker.js:65:13
onMutations@resource://devtools/shared/base-loader.js -> resource://devtools/client/inspector/shared/style-change-tracker.js:82:11
emit@resource://devtools/shared/base-loader.js -> resource://devtools/shared/event-emitter.js:178:37
emit@resource://devtools/shared/base-loader.js -> resource://devtools/shared/event-emitter.js:255:29
WalkerFront<.getMutations</<@resource://devtools/shared/base-loader.js -> resource://devtools/shared/fronts/inspector.js:420:7

Handler function LocalDebuggerTransport instance's this.other.hooks.onPacket threw an exception: TypeError: to is null
Stack: onPacket@resource://devtools/shared/base-loader.js -> resource://devtools/server/main.js:1757:11
send/<@resource://devtools/shared/base-loader.js -> resource://devtools/shared/transport/transport.js:553:13
exports.makeInfallible/<@resource://devtools/shared/base-loader.js -> resource://devtools/shared/ThreadSafeDevToolsUtils.js:109:14
exports.makeInfallible/<@resource://devtools/shared/base-loader.js -> resource://devtools/shared/ThreadSafeDevToolsUtils.js:109:14
Line: 1757, column: 11
console.error: "Handler function LocalDebuggerTransport instance's this.other.hooks.onPacket threw an exception: TypeError: to is null\nStack: onPacket@resource://devtools/shared/base-loader.js -> resource://devtools/server/main.js:1757:11\nsend/<@resource://devtools/shared/base-loader.js -> resource://devtools/shared/transport/transport.js:553:13\nexports.makeInfallible/<@resource://devtools/shared/base-loader.js -> resource://devtools/shared/ThreadSafeDevToolsUtils.js:109:14\nexports.makeInfallible/<@resource://devtools/shared/base-loader.js -> resource://devtools/shared/ThreadSafeDevToolsUtils.js:109:14\nLine: 1757, column: 11"
console.error: "TypeError: this.onSelected is not a function: onDetachedFront@resource://devtools/shared/base-loader.js -> resource://devtools/client/inspector/computed/computed.js:1461:5\nemit@resource://devtools/shared/base-loader.js -> resource://devtools/shared/event-emitter.js:178:37\nemit@resource://devtools/shared/base-loader.js -> resource://devtools/shared/event-emitter.js:255:29\n_onMutations@resource://devtools/shared/base-loader.js -> resource://devtools/client/framework/selection.js:105:7\nemit@resource://devtools/shared/base-loader.js -> resource://devtools/shared/event-emitter.js:178:37\nemit@resource://devtools/shared/base-loader.js -> resource://devtools/shared/event-emitter.js:255:29\nWalkerFront<.getMutations</<@resource://devtools/shared/base-loader.js -> resource://devtools/shared/fronts/inspector.js:420:7\n"
TypeError: this.onSelected is not a function: onDetachedFront@resource://devtools/shared/base-loader.js -> resource://devtools/client/inspector/computed/computed.js:1461:5
emit@resource://devtools/shared/base-loader.js -> resource://devtools/shared/event-emitter.js:178:37
emit@resource://devtools/shared/base-loader.js -> resource://devtools/shared/event-emitter.js:255:29
_onMutations@resource://devtools/shared/base-loader.js -> resource://devtools/client/framework/selection.js:105:7
emit@resource://devtools/shared/base-loader.js -> resource://devtools/shared/event-emitter.js:178:37
emit@resource://devtools/shared/base-loader.js -> resource://devtools/shared/event-emitter.js:255:29
WalkerFront<.getMutations</<@resource://devtools/shared/base-loader.js -> resource://devtools/shared/fronts/inspector.js:420:7

console.error: "_refreshProcess of computed view cancelled"
console.warn: LoginRecipes: getRecipes: falling back to a synchronous message for: https://yandex.ru
IPDL protocol error: Handler returned error code!

###!!! [Parent][DispatchAsyncMessage] Error: PLayerTransaction::Msg_ReleaseLayer Processing error: message was deserialized, but the handler returned false (indicating failure)

IPDL protocol error: Handler returned error code!

###!!! [Parent][DispatchAsyncMessage] Error: PLayerTransaction::Msg_ReleaseLayer Processing error: message was deserialized, but the handler returned false (indicating failure)

IPDL protocol error: Handler returned error code!

###!!! [Parent][DispatchAsyncMessage] Error: PLayerTransaction::Msg_ReleaseLayer Processing error: message was deserialized, but the handler returned false (indicating failure)

IPDL protocol error: Handler returned error code!

###!!! [Parent][DispatchAsyncMessage] Error: PLayerTransaction::Msg_ReleaseLayer Processing error: message was deserialized, but the handler returned false (indicating failure)

IPDL protocol error: Handler returned error code!

###!!! [Parent][DispatchAsyncMessage] Error: PLayerTransaction::Msg_ReleaseLayer Processing error: message was deserialized, but the handler returned false (indicating failure)

IPDL protocol error: Handler returned error code!

###!!! [Parent][DispatchAsyncMessage] Error: PLayerTransaction::Msg_ReleaseLayer Processing error: message was deserialized, but the handler returned false (indicating failure)

IPDL protocol error: Handler returned error code!

###!!! [Parent][DispatchAsyncMessage] Error: PLayerTransaction::Msg_ReleaseLayer Processing error: message was deserialized, but the handler returned false (indicating failure)

IPDL protocol error: Handler returned error code!

###!!! [Parent][DispatchAsyncMessage] Error: PLayerTransaction::Msg_ReleaseLayer Processing error: message was deserialized, but the handler returned false (indicating failure)

[Parent 3359, Gecko_IOThread] WARNING: pipe error (77): Соединение разорвано другой стороной: file /build/firefox-IVlCbR/firefox-62.0.3+build1/ipc/chromium/src/chrome/common/ipc_channel_posix.cc, line 353
1541103839771	Marionette	INFO	Stopped listening on port 33407
1541187462050	mozrunner::runner	INFO	Running command: "/usr/bin/firefox" "-marionette" "-foreground" "-no-remote" "-profile" "/tmp/rust_mozprofile.v2iEkIUN629T"

(firefox:2585): Gtk-WARNING **: 22:37:42.565: Theme parsing error: <data>:1:34: Expected ')' in color definition

(firefox:2585): Gtk-WARNING **: 22:37:42.565: Theme parsing error: <data>:1:77: Expected ')' in color definition
1541187463399	Marionette	INFO	Listening on port 35791
1541187463460	Marionette	WARN	TLS certificate errors will be ignored for this session
1541187463503	Marionette	DEBUG	[2147483649] Frame script loaded
1541187463505	Marionette	DEBUG	[2147483649] Frame script registered
1541187463515	Marionette	DEBUG	[2147483649] Received DOM event beforeunload for about:blank
1541187463657	Marionette	DEBUG	[2147483649] Received DOM event pagehide for about:blank
1541187464585	Marionette	DEBUG	[2147483649] Received DOM event DOMContentLoaded for https://yandex.ru/map-constructor/location-tool/
1541187465086	Marionette	DEBUG	[2147483649] Received DOM event pageshow for https://yandex.ru/map-constructor/location-tool/
[Parent 2585, Gecko_IOThread] WARNING: pipe error (74): Соединение разорвано другой стороной: file /build/firefox-IVlCbR/firefox-62.0.3+build1/ipc/chromium/src/chrome/common/ipc_channel_posix.cc, line 353
1541187469250	Marionette	INFO	Stopped listening on port 35791
1541187513671	mozrunner::runner	INFO	Running command: "/usr/bin/firefox" "-marionette" "-foreground" "-no-remote" "-profile" "/tmp/rust_mozprofile.nE51izzc1Cu6"

(firefox:2817): Gtk-WARNING **: 22:38:34.172: Theme parsing error: <data>:1:34: Expected ')' in color definition

(firefox:2817): Gtk-WARNING **: 22:38:34.172: Theme parsing error: <data>:1:77: Expected ')' in color definition
1541187515042	Marionette	INFO	Listening on port 36523
1541187515079	Marionette	WARN	TLS certificate errors will be ignored for this session
1541187515117	Marionette	DEBUG	[2147483649] Frame script loaded
1541187515118	Marionette	DEBUG	[2147483649] Frame script registered
1541187515137	Marionette	DEBUG	[2147483649] Received DOM event beforeunload for about:blank
1541187515699	Marionette	DEBUG	[2147483649] Received DOM event pagehide for about:blank
1541187516890	Marionette	DEBUG	[2147483649] Received DOM event DOMContentLoaded for https://www.yandex.ru/
1541187517290	Marionette	DEBUG	[2147483649] Received DOM event pageshow for https://www.yandex.ru/
1541187530524	Marionette	DEBUG	[2147483658] Frame script loaded
1541187530531	Marionette	DEBUG	[2147483658] Frame script registered
1541187530552	Marionette	DEBUG	[2147483661] Frame script loaded
1541187530554	Marionette	DEBUG	[2147483661] Frame script registered
JavaScript error: , line 0: uncaught exception: null
1541187558640	Marionette	DEBUG	[2147483672] Frame script loaded
1541187558642	Marionette	DEBUG	[2147483672] Frame script registered
JavaScript error: , line 0: uncaught exception: null
[Parent 2817, Gecko_IOThread] WARNING: pipe error (74): Соединение разорвано другой стороной: file /build/firefox-IVlCbR/firefox-62.0.3+build1/ipc/chromium/src/chrome/common/ipc_channel_posix.cc, line 353
1541187577702	Marionette	INFO	Stopped listening on port 36523
1541187584653	mozrunner::runner	INFO	Running command: "/usr/bin/firefox" "-marionette" "-foreground" "-no-remote" "-profile" "/tmp/rust_mozprofile.pMJgZApxEjga"

(firefox:3116): Gtk-WARNING **: 22:39:45.148: Theme parsing error: <data>:1:34: Expected ')' in color definition

(firefox:3116): Gtk-WARNING **: 22:39:45.148: Theme parsing error: <data>:1:77: Expected ')' in color definition
1541187585918	Marionette	INFO	Listening on port 46303
1541187585967	Marionette	WARN	TLS certificate errors will be ignored for this session
1541187586018	Marionette	DEBUG	[2147483649] Frame script loaded
1541187586018	Marionette	DEBUG	[2147483649] Frame script registered
1541187586037	Marionette	DEBUG	[2147483649] Received DOM event beforeunload for about:blank
1541187586233	Marionette	DEBUG	[2147483649] Received DOM event pagehide for about:blank
1541187586790	Marionette	DEBUG	[2147483649] Received DOM event DOMContentLoaded for https://yandex.ru/maps/213/moscow/?ll=37.620393%2C55.753960&z=10
1541187588551	Marionette	DEBUG	[2147483649] Received DOM event pageshow for https://yandex.ru/maps/213/moscow/?ll=37.620393%2C55.753960&z=10
[Parent 3116, Gecko_IOThread] WARNING: pipe error (74): Соединение разорвано другой стороной: file /build/firefox-IVlCbR/firefox-62.0.3+build1/ipc/chromium/src/chrome/common/ipc_channel_posix.cc, line 353
1541187629210	Marionette	INFO	Stopped listening on port 46303
